<?xml version="1.0" encoding="UTF-8"?>
<!-- Generated by org.testng.reporters.JUnitXMLReporter -->
<testsuite ignored="1" hostname="DESKTOP-VIEUAQD" failures="0" tests="3" name="Test" time="93.52" errors="0" timestamp="2022-07-17T13:33:43 IST">
  <testcase classname="testngImplementation.Campaign" name="campaignmodule_Test" time="15.738"/>
  <testcase classname="testngImplementation.Campaign" name="createcampaignwithProduct_test" time="28.106"/>
  <testcase classname="testngImplementation.Products" name="products_test" time="13.587"/>
  <testcase classname="org.tyss.genericUsability.Base_class" name="@AfterSuite AfterSuite" time="0.0">
    <ignored/>
  </testcase> <!-- @AfterSuite AfterSuite -->
</testsuite> <!-- Test -->
