<?xml version="1.0" encoding="UTF-8"?>
<!-- Generated by org.testng.reporters.JUnitXMLReporter -->
<testsuite ignored="2" hostname="DESKTOP-VIEUAQD" failures="0" tests="3" name="Test" time="54.245" errors="0" timestamp="2022-07-16T18:29:37 IST">
  <testcase classname="org.tyss.genericUsability.Base_class" name="@BeforeClass configBC" time="0.0">
    <failure type="java.lang.NullPointerException" message="Cannot invoke &amp;quot;org.tyss.genericUsability.SeleniumUsability.setDriver(String)&amp;quot; because &amp;quot;this.seleniumusability&amp;quot; is null">
      <![CDATA[java.lang.NullPointerException: Cannot invoke "org.tyss.genericUsability.SeleniumUsability.setDriver(String)" because "this.seleniumusability" is null
at org.tyss.genericUsability.Base_class.configBC(Base_class.java:54)
at java.base/java.util.ArrayList.forEach(ArrayList.java:1511)
... Removed 25 stack frames]]>
    </failure>
  </testcase> <!-- @BeforeClass configBC -->
  <testcase classname="org.tyss.genericUsability.Base_class" name="@BeforeMethod BeforeMethod" time="0.001">
    <failure type="java.lang.NullPointerException" message="Cannot invoke &amp;quot;org.tyss.genericUsability.JavaUsability.getrandomNumber()&amp;quot; because &amp;quot;this.javausability&amp;quot; is null">
      <![CDATA[java.lang.NullPointerException: Cannot invoke "org.tyss.genericUsability.JavaUsability.getrandomNumber()" because "this.javausability" is null
at org.tyss.genericUsability.Base_class.BeforeMethod(Base_class.java:68)
at java.base/java.util.ArrayList.forEach(ArrayList.java:1511)
... Removed 31 stack frames]]>
    </failure>
  </testcase> <!-- @BeforeMethod BeforeMethod -->
  <testcase classname="org.tyss.genericUsability.Base_class" name="@AfterMethod AfterMethod" time="0.001">
    <failure type="java.lang.NullPointerException" message="Cannot invoke &amp;quot;org.vtiger.ObjectRepository.CommonPage.clickSignOut(org.tyss.genericUsability.SeleniumUsability)&amp;quot; because &amp;quot;this.commonPage&amp;quot; is null">
      <![CDATA[java.lang.NullPointerException: Cannot invoke "org.vtiger.ObjectRepository.CommonPage.clickSignOut(org.tyss.genericUsability.SeleniumUsability)" because "this.commonPage" is null
at org.tyss.genericUsability.Base_class.AfterMethod(Base_class.java:74)
at java.base/java.util.ArrayList.forEach(ArrayList.java:1511)
... Removed 32 stack frames]]>
    </failure>
  </testcase> <!-- @AfterMethod AfterMethod -->
  <testcase classname="org.tyss.genericUsability.Base_class" name="@AfterClass AfterClass" time="0.001">
    <failure type="java.lang.NullPointerException" message="Cannot invoke &amp;quot;org.tyss.genericUsability.ExcelFileUsability.closeWorkbook()&amp;quot; because &amp;quot;this.excelfileusability&amp;quot; is null">
      <![CDATA[java.lang.NullPointerException: Cannot invoke "org.tyss.genericUsability.ExcelFileUsability.closeWorkbook()" because "this.excelfileusability" is null
at org.tyss.genericUsability.Base_class.AfterClass(Base_class.java:79)
at java.base/java.util.ArrayList.forEach(ArrayList.java:1511)
... Removed 25 stack frames]]>
    </failure>
  </testcase> <!-- @AfterClass AfterClass -->
  <testcase classname="testngImplementation.Campaign" name="campaignmodule_Test" time="12.883"/>
  <testcase classname="testngImplementation.Campaign" name="createcampaignwithProduct_test" time="26.78"/>
  <testcase classname="testngImplementation.Products" name="products_test" time="0.001">
    <skipped/>
  </testcase> <!-- products_test -->
  <testcase classname="org.tyss.genericUsability.Base_class" name="@AfterSuite AfterSuite" time="0.0">
    <ignored/>
  </testcase> <!-- @AfterSuite AfterSuite -->
  <testcase classname="org.tyss.genericUsability.Base_class" name="@BeforeSuite configBS" time="0.0">
    <ignored/>
  </testcase> <!-- @BeforeSuite configBS -->
</testsuite> <!-- Test -->
