<?xml version="1.0" encoding="UTF-8"?>
<!-- Generated by org.testng.reporters.JUnitXMLReporter -->
<testsuite ignored="1" hostname="DESKTOP-VIEUAQD" failures="0" tests="1" name="Default test" time="26.091" errors="0" timestamp="2022-07-18T09:44:17 IST">
  <testcase classname="testngImplementation.Campaign" name="campaignmodule_Test" time="13.44"/>
  <testcase classname="testngImplementation.Campaign" name="createcampaignwithProduct_test" time="0.0">
    <ignored/>
  </testcase> <!-- createcampaignwithProduct_test -->
</testsuite> <!-- Default test -->
